<?xml version="1.0" encoding="UTF-8"?>
<robot generator="Robot 7.2.2 (Python 3.9.6 on darwin)" generated="2025-04-08T17:51:56.408088" rpa="false" schemaversion="5">
<suite id="s1" name="Robotframework" source="/Users/penny_p_wang/Desktop/robotframework">
<suite id="s1-s1" name="Test Lmpapp" source="/Users/penny_p_wang/Desktop/robotframework/test_lmpapp.robot">
<kw name="Set Selenium Timeout" owner="SeleniumLibrary" type="SETUP">
<arg>10s</arg>
<doc>Sets the timeout that is used by various keywords.</doc>
<status status="PASS" start="2025-04-08T17:51:56.551906" elapsed="0.000241"/>
</kw>
<test id="s1-s1-t1" name="Verify Partner Onboarding Date Is Visible" line="51">
<kw name="Open Browser" owner="SeleniumLibrary">
<msg time="2025-04-08T17:51:56.552700" level="INFO">Opening browser 'Chrome' to base url 'https://signin-int.visionone.trendmicro.com/'.</msg>
<arg>${URL}</arg>
<arg>Chrome</arg>
<doc>Opens a new browser instance to the optional ``url``.</doc>
<status status="PASS" start="2025-04-08T17:51:56.552549" elapsed="2.792914"/>
</kw>
<kw name="Wait Until Element Is Visible" owner="SeleniumLibrary">
<arg>//input[@data-test='_IAM_USERNAME_INPUT_']</arg>
<doc>Waits until the element ``locator`` is visible.</doc>
<status status="PASS" start="2025-04-08T17:51:59.346273" elapsed="0.425658"/>
</kw>
<kw name="Input Text" owner="SeleniumLibrary">
<msg time="2025-04-08T17:51:59.772389" level="INFO">Typing text 'Beta_JP@mailsac.com' into text field '//input[@data-test='_IAM_USERNAME_INPUT_']'.</msg>
<arg>//input[@data-test='_IAM_USERNAME_INPUT_']</arg>
<arg>${t1partner}</arg>
<doc>Types the given ``text`` into the text field identified by ``locator``.</doc>
<status status="PASS" start="2025-04-08T17:51:59.772154" elapsed="0.101214"/>
</kw>
<kw name="Click Element" owner="SeleniumLibrary">
<msg time="2025-04-08T17:51:59.873771" level="INFO">Clicking element '//button[@data-test='_IAM_SIGN_IN_BTN_']'.</msg>
<arg>//button[@data-test='_IAM_SIGN_IN_BTN_']</arg>
<doc>Click the element identified by ``locator``.</doc>
<status status="PASS" start="2025-04-08T17:51:59.873564" elapsed="0.026069"/>
</kw>
<kw name="Wait Until Element Is Visible" owner="SeleniumLibrary">
<arg>//input[@data-test='_IAM_PASSWORD_INPUT_']</arg>
<doc>Waits until the element ``locator`` is visible.</doc>
<status status="PASS" start="2025-04-08T17:51:59.899831" elapsed="1.274054"/>
</kw>
<kw name="Input Text" owner="SeleniumLibrary">
<msg time="2025-04-08T17:52:01.175526" level="INFO">Typing text 'V1MSP@qa' into text field '//input[@data-test='_IAM_PASSWORD_INPUT_']'.</msg>
<arg>//input[@data-test='_IAM_PASSWORD_INPUT_']</arg>
<arg>${PASSWORD}</arg>
<doc>Types the given ``text`` into the text field identified by ``locator``.</doc>
<status status="PASS" start="2025-04-08T17:52:01.174684" elapsed="0.049213"/>
</kw>
<kw name="Click Element" owner="SeleniumLibrary">
<msg time="2025-04-08T17:52:01.224342" level="INFO">Clicking element '//button[text()='Continue']'.</msg>
<arg>//button[text()='Continue']</arg>
<doc>Click the element identified by ``locator``.</doc>
<status status="PASS" start="2025-04-08T17:52:01.224121" elapsed="0.026547"/>
</kw>
<kw name="Wait Until Element Is Visible" owner="SeleniumLibrary">
<arg>//button[text() ='Sign in']</arg>
<arg>10s</arg>
<doc>Waits until the element ``locator`` is visible.</doc>
<status status="PASS" start="2025-04-08T17:52:01.251215" elapsed="3.839115"/>
</kw>
<kw name="Click Element" owner="SeleniumLibrary">
<msg time="2025-04-08T17:52:05.091023" level="INFO">Clicking element '//button[text() ='Sign in']'.</msg>
<arg>//button[text() ='Sign in']</arg>
<doc>Click the element identified by ``locator``.</doc>
<status status="PASS" start="2025-04-08T17:52:05.090672" elapsed="0.028474"/>
</kw>
<kw name="Wait Until Element Is Visible" owner="SeleniumLibrary">
<arg>//button[@aria-label='Close']</arg>
<arg>10s</arg>
<doc>Waits until the element ``locator`` is visible.</doc>
<status status="PASS" start="2025-04-08T17:52:05.119536" elapsed="5.048084"/>
</kw>
<kw name="Click Element" owner="SeleniumLibrary">
<msg time="2025-04-08T17:52:10.168684" level="INFO">Clicking element '//button[@aria-label='Close']'.</msg>
<arg>//button[@aria-label='Close']</arg>
<doc>Click the element identified by ``locator``.</doc>
<status status="PASS" start="2025-04-08T17:52:10.168279" elapsed="0.030422"/>
</kw>
<kw name="Wait Until Element Is Visible" owner="SeleniumLibrary">
<arg>//button[@aria-label='Close']</arg>
<arg>10s</arg>
<doc>Waits until the element ``locator`` is visible.</doc>
<status status="PASS" start="2025-04-08T17:52:10.198922" elapsed="0.006594"/>
</kw>
<kw name="Click Element" owner="SeleniumLibrary">
<msg time="2025-04-08T17:52:10.205930" level="INFO">Clicking element '//button[@aria-label='Close']'.</msg>
<arg>//button[@aria-label='Close']</arg>
<doc>Click the element identified by ``locator``.</doc>
<status status="PASS" start="2025-04-08T17:52:10.205733" elapsed="0.021000"/>
</kw>
<kw name="Wait Until Element Is Visible" owner="SeleniumLibrary">
<arg>//li[@data-pendo='uic_userinfo_4']</arg>
<doc>Waits until the element ``locator`` is visible.</doc>
<status status="PASS" start="2025-04-08T17:52:10.226929" elapsed="0.005703"/>
</kw>
<kw name="Click Element" owner="SeleniumLibrary">
<msg time="2025-04-08T17:52:10.233058" level="INFO">Clicking element '//li[@data-pendo='uic_userinfo_4']'.</msg>
<arg>//li[@data-pendo='uic_userinfo_4']</arg>
<doc>Click the element identified by ``locator``.</doc>
<status status="PASS" start="2025-04-08T17:52:10.232794" elapsed="0.227330"/>
</kw>
<kw name="Click Element" owner="SeleniumLibrary">
<msg time="2025-04-08T17:52:10.460725" level="INFO">Clicking element '//div[@data-menu-id='usage_and_billing']'.</msg>
<arg>//div[@data-menu-id='usage_and_billing']</arg>
<doc>Click the element identified by ``locator``.</doc>
<status status="PASS" start="2025-04-08T17:52:10.460490" elapsed="0.043696"/>
</kw>
<kw name="Wait Until Element Is Visible" owner="SeleniumLibrary">
<arg>//span[@title='Licensing Management Platform' and @class='sub-menu-item']</arg>
<doc>Waits until the element ``locator`` is visible.</doc>
<status status="PASS" start="2025-04-08T17:52:10.504384" elapsed="0.229490"/>
</kw>
<kw name="Click Element" owner="SeleniumLibrary">
<msg time="2025-04-08T17:52:10.734532" level="INFO">Clicking element '//span[@title='Licensing Management Platform' and @class='sub-menu-item']'.</msg>
<arg>//span[@title='Licensing Management Platform' and @class='sub-menu-item']</arg>
<doc>Click the element identified by ``locator``.</doc>
<status status="PASS" start="2025-04-08T17:52:10.734253" elapsed="0.033987"/>
</kw>
<kw name="Wait Until Element Is Visible" owner="SeleniumLibrary">
<arg>//iframe[@id='__ACM_APP_CONTAINER']</arg>
<arg>10s</arg>
<doc>Waits until the element ``locator`` is visible.</doc>
<status status="PASS" start="2025-04-08T17:52:10.768679" elapsed="0.017163"/>
</kw>
<kw name="Select Frame" owner="SeleniumLibrary">
<msg time="2025-04-08T17:52:10.786260" level="INFO">Selecting frame '//iframe[@id='__ACM_APP_CONTAINER']'.</msg>
<arg>//iframe[@id='__ACM_APP_CONTAINER']</arg>
<doc>Sets frame identified by ``locator`` as the current frame.</doc>
<status status="PASS" start="2025-04-08T17:52:10.786058" elapsed="0.990968"/>
</kw>
<kw name="Select Frame" owner="SeleniumLibrary">
<msg time="2025-04-08T17:52:11.778663" level="INFO">Selecting frame '//iframe[@id='loginIframe']'.</msg>
<arg>//iframe[@id='loginIframe']</arg>
<doc>Sets frame identified by ``locator`` as the current frame.</doc>
<status status="PASS" start="2025-04-08T17:52:11.777852" elapsed="0.021630"/>
</kw>
<kw name="Wait Until Element Is Visible" owner="SeleniumLibrary">
<arg>//a[@id='endabledpartners']</arg>
<arg>10s</arg>
<doc>Waits until the element ``locator`` is visible.</doc>
<status status="PASS" start="2025-04-08T17:52:11.799767" elapsed="4.520222"/>
</kw>
<kw name="Click Element" owner="SeleniumLibrary">
<msg time="2025-04-08T17:52:16.320484" level="INFO">Clicking element '//a[@id='endabledpartners']'.</msg>
<arg>//a[@id='endabledpartners']</arg>
<doc>Click the element identified by ``locator``.</doc>
<status status="PASS" start="2025-04-08T17:52:16.320235" elapsed="0.063469"/>
</kw>
<kw name="Wait Until Element Is Visible" owner="SeleniumLibrary">
<arg>//table[@id='datatable']</arg>
<arg>10s</arg>
<doc>Waits until the element ``locator`` is visible.</doc>
<status status="PASS" start="2025-04-08T17:52:16.384059" elapsed="2.328432"/>
</kw>
<kw name="Get Text" owner="SeleniumLibrary">
<msg time="2025-04-08T17:52:18.723843" level="INFO">${header_text} = Onboarding Date</msg>
<var>${header_text}</var>
<arg>//table[@id='datatable']/thead/tr/th[6]</arg>
<doc>Returns the text value of the element identified by ``locator``.</doc>
<status status="PASS" start="2025-04-08T17:52:18.712743" elapsed="0.011214"/>
</kw>
<kw name="Should Be Equal As Strings" owner="BuiltIn">
<arg>${header_text}</arg>
<arg>Onboarding Date</arg>
<doc>Fails if objects are unequal after converting them to strings.</doc>
<status status="PASS" start="2025-04-08T17:52:18.724317" elapsed="0.000478"/>
</kw>
<kw name="Unselect Frame" owner="SeleniumLibrary">
<doc>Sets the main frame as the current frame.</doc>
<status status="PASS" start="2025-04-08T17:52:18.724976" elapsed="0.000960"/>
</kw>
<kw name="Close Browser" owner="SeleniumLibrary">
<doc>Closes the current browser.</doc>
<status status="PASS" start="2025-04-08T17:52:18.726067" elapsed="0.142018"/>
</kw>
<status status="PASS" start="2025-04-08T17:51:56.552253" elapsed="22.316445"/>
</test>
<kw name="Close All Browsers" owner="SeleniumLibrary" type="TEARDOWN">
<doc>Closes all open browsers and resets the browser cache.</doc>
<status status="PASS" start="2025-04-08T17:52:18.869284" elapsed="0.000241"/>
</kw>
<status status="PASS" start="2025-04-08T17:51:56.422671" elapsed="22.446911"/>
</suite>
<status status="PASS" start="2025-04-08T17:51:56.410927" elapsed="22.459212"/>
</suite>
<statistics>
<total>
<stat pass="1" fail="0" skip="0">All Tests</stat>
</total>
<tag>
</tag>
<suite>
<stat name="Robotframework" id="s1" pass="1" fail="0" skip="0">Robotframework</stat>
<stat name="Test Lmpapp" id="s1-s1" pass="1" fail="0" skip="0">Robotframework.Test Lmpapp</stat>
</suite>
</statistics>
<errors>
</errors>
</robot>
